<?xml version="1.0" encoding="UTF-8"?>
<!-- Generated by org.testng.reporters.JUnitReportReporter -->
<testsuite hostname="Rohan-PC" name="ProjectPPP.ProjectPPP.Class2" tests="1" failures="0" timestamp="8 Feb 2021 20:48:16 GMT" time="79.388" errors="0">
  <testcase name="f" time="79.388" classname="ProjectPPP.ProjectPPP.Class2"/>
</testsuite> <!-- ProjectPPP.ProjectPPP.Class2 -->
